<?xml version="1.0" encoding="UTF-8"?>
<testsuites name="Login" time="12.058" tests="2" failures="0" errors="0">
   <testsuite name="Login" tests="2" failures="0" errors="0" time="12.058" skipped="0" timestamp="2022-10-04 18:44:36" hostname="ASUS - VivoBookX421EAYB" id="Test Suites/Login">
      <properties>
         <property name="deviceName" value=""/>
         <property name="devicePlatform" value=""/>
         <property name="logFolder" value="C:\\Users\\ASUS\\git\\katalon_project\\Reports\\20221004_184433\\Login\\20221004_184433"/>
         <property name="logFiles" value="C:\\Users\\ASUS\\git\\katalon_project\\Reports\\20221004_184433\\Login\\20221004_184433\\execution0.log"/>
         <property name="attachments" value=""/>
         <property name="hostName" value="ASUS - VivoBookX421EAYB"/>
         <property name="os" value="Windows 10 64bit"/>
         <property name="katalonVersion" value="8.4.1.208"/>
         <property name="browser" value="Chrome 106.0.0.0"/>
         <property name="hostAddress" value="192.168.122.151"/>
         <property name="sessionId" value="8f35b9eed3a8db7426eae7ddad645210"/>
         <property name="seleniumVersion" value="3.141.59"/>
         <property name="proxyInformation" value="ProxyInformation { proxyOption=NO_PROXY, proxyServerType=HTTP, username=, password=********, proxyServerAddress=, proxyServerPort=0, executionList=&quot;&quot;, isApplyToDesiredCapabilities=true }"/>
         <property name="platform" value="Windows 10"/>
      </properties>
      <testcase name="Test Cases/Steps Definition/Feature Login/LG001 User Login With Invalid Credential" time="6.686" classname="Test Cases/Steps Definition/Feature Login/LG001 User Login With Invalid Credential" status="PASSED">
         <system-out><![CDATA[2022-10-04 18:44:36 - [TEST_CASE][PASSED] - Test Cases/Steps Definition/Feature Login/LG001 User Login With Invalid Credential: Test Cases/Steps Definition/Feature Login/LG001 User Login With Invalid Credential

2022-10-04 18:44:36 - [TEST_STEP][PASSED] - Start listener action : beforeTestCase: Navigate to 'https://www.saucedemo.com/' successfully

2022-10-04 18:44:36 - [TEST_STEP][PASSED] - logInfo("Test Case: " + testCaseContext.getTestCaseId()): Test Case: Test Cases/Steps Definition/Feature Login/LG001 User Login With Invalid Credential

2022-10-04 18:44:36 - [MESSAGE][INFO] - Test Case: Test Cases/Steps Definition/Feature Login/LG001 User Login With Invalid Credential

2022-10-04 18:44:36 - [TEST_STEP][PASSED] - openBrowser(): null

2022-10-04 18:44:36 - [TEST_STEP][PASSED] - openBrowser(""): Browser is opened with url: ''

2022-10-04 18:44:36 - [MESSAGE][INFO] - Starting 'Chrome' driver

2022-10-04 18:44:36 - [MESSAGE][INFO] - Action delay is set to 0 milliseconds

2022-10-04 18:44:39 - [MESSAGE][PASSED] - Browser is opened with url: ''

2022-10-04 18:44:39 - [TEST_STEP][PASSED] - maximizeWindow(): Current window maximized

2022-10-04 18:44:39 - [MESSAGE][PASSED] - Current window maximized

2022-10-04 18:44:39 - [TEST_STEP][PASSED] - navigateToUrl("https://www.saucedemo.com/"): Navigate to 'https://www.saucedemo.com/' successfully

2022-10-04 18:44:41 - [MESSAGE][PASSED] - Navigate to 'https://www.saucedemo.com/' successfully

2022-10-04 18:44:41 - [TEST_STEP][PASSED] - callTestCase(findTestCase("Pages/User Login/Click Login"), [:], STOP_ON_FAILURE): Call Test Case 'Test Cases/Pages/User Login/Click Login' successfully

2022-10-04 18:44:41 - [TEST_CASE][PASSED] - Test Cases/Pages/User Login/Click Login: Test Cases/Pages/User Login/Click Login

2022-10-04 18:44:41 - [TEST_STEP][PASSED] - click(findTestObject("Page_Login/input_user_login-button")): Object: 'Object Repository/Page_Login/input_user_login-button' is clicked on

2022-10-04 18:44:42 - [MESSAGE][PASSED] - Object: 'Object Repository/Page_Login/input_user_login-button' is clicked on

2022-10-04 18:44:42 - [MESSAGE][PASSED] - Call Test Case 'Test Cases/Pages/User Login/Click Login' successfully

2022-10-04 18:44:42 - [TEST_STEP][PASSED] - Start listener action : afterTestCase: Browser is closed

2022-10-04 18:44:42 - [TEST_STEP][PASSED] - logInfo("Test Case: " + testCaseContext.getTestCaseId()): Test Case: Test Cases/Steps Definition/Feature Login/LG001 User Login With Invalid Credential

2022-10-04 18:44:42 - [MESSAGE][INFO] - Test Case: Test Cases/Steps Definition/Feature Login/LG001 User Login With Invalid Credential

2022-10-04 18:44:42 - [TEST_STEP][PASSED] - closeBrowser(): null

2022-10-04 18:44:42 - [TEST_STEP][PASSED] - closeBrowser(): Browser is closed

2022-10-04 18:44:42 - [MESSAGE][PASSED] - Browser is closed]]></system-out>
         <system-err><![CDATA[]]></system-err>
      </testcase>
      <testcase name="Test Cases/Steps Definition/Feature Login/LG002 User Login With Valid Credential" time="5.153" classname="Test Cases/Steps Definition/Feature Login/LG002 User Login With Valid Credential" status="PASSED">
         <system-out><![CDATA[2022-10-04 18:44:42 - [TEST_CASE][PASSED] - Test Cases/Steps Definition/Feature Login/LG002 User Login With Valid Credential: Test Cases/Steps Definition/Feature Login/LG002 User Login With Valid Credential

2022-10-04 18:44:43 - [TEST_STEP][PASSED] - Start listener action : beforeTestCase: Navigate to 'https://www.saucedemo.com/' successfully

2022-10-04 18:44:43 - [TEST_STEP][PASSED] - logInfo("Test Case: " + testCaseContext.getTestCaseId()): Test Case: Test Cases/Steps Definition/Feature Login/LG002 User Login With Valid Credential

2022-10-04 18:44:43 - [MESSAGE][INFO] - Test Case: Test Cases/Steps Definition/Feature Login/LG002 User Login With Valid Credential

2022-10-04 18:44:43 - [TEST_STEP][PASSED] - openBrowser(): null

2022-10-04 18:44:43 - [TEST_STEP][PASSED] - openBrowser(""): Browser is opened with url: ''

2022-10-04 18:44:43 - [MESSAGE][INFO] - Starting 'Chrome' driver

2022-10-04 18:44:43 - [MESSAGE][INFO] - Action delay is set to 0 milliseconds

2022-10-04 18:44:44 - [MESSAGE][PASSED] - Browser is opened with url: ''

2022-10-04 18:44:44 - [TEST_STEP][PASSED] - maximizeWindow(): Current window maximized

2022-10-04 18:44:44 - [MESSAGE][PASSED] - Current window maximized

2022-10-04 18:44:44 - [TEST_STEP][PASSED] - navigateToUrl("https://www.saucedemo.com/"): Navigate to 'https://www.saucedemo.com/' successfully

2022-10-04 18:44:45 - [MESSAGE][PASSED] - Navigate to 'https://www.saucedemo.com/' successfully

2022-10-04 18:44:45 - [TEST_STEP][PASSED] - callTestCase(findTestCase("Pages/User Login/Input Username"), [:], STOP_ON_FAILURE): Call Test Case 'Test Cases/Pages/User Login/Input Username' successfully

2022-10-04 18:44:45 - [TEST_CASE][PASSED] - Test Cases/Pages/User Login/Input Username: Test Cases/Pages/User Login/Input Username

2022-10-04 18:44:45 - [TEST_STEP][PASSED] - sendKeys(findTestObject("Page_Login/input_user-name"), "standard_user"): Keys 'standard_user' sent to object: 'Object Repository/Page_Login/input_user-name'

2022-10-04 18:44:46 - [MESSAGE][PASSED] - Keys 'standard_user' sent to object: 'Object Repository/Page_Login/input_user-name'

2022-10-04 18:44:46 - [MESSAGE][PASSED] - Call Test Case 'Test Cases/Pages/User Login/Input Username' successfully

2022-10-04 18:44:46 - [TEST_STEP][PASSED] - callTestCase(findTestCase("Pages/User Login/Input Password"), [:], STOP_ON_FAILURE): Call Test Case 'Test Cases/Pages/User Login/Input Password' successfully

2022-10-04 18:44:46 - [TEST_CASE][PASSED] - Test Cases/Pages/User Login/Input Password: Test Cases/Pages/User Login/Input Password

2022-10-04 18:44:46 - [TEST_STEP][PASSED] - sendKeys(findTestObject("Page_Login/input_user_password"), "secret_sauce"): Keys 'secret_sauce' sent to object: 'Object Repository/Page_Login/input_user_password'

2022-10-04 18:44:46 - [MESSAGE][PASSED] - Keys 'secret_sauce' sent to object: 'Object Repository/Page_Login/input_user_password'

2022-10-04 18:44:46 - [MESSAGE][PASSED] - Call Test Case 'Test Cases/Pages/User Login/Input Password' successfully

2022-10-04 18:44:46 - [TEST_STEP][PASSED] - callTestCase(findTestCase("Pages/User Login/Click Login"), [:], STOP_ON_FAILURE): Call Test Case 'Test Cases/Pages/User Login/Click Login' successfully

2022-10-04 18:44:47 - [TEST_CASE][PASSED] - Test Cases/Pages/User Login/Click Login: Test Cases/Pages/User Login/Click Login

2022-10-04 18:44:47 - [TEST_STEP][PASSED] - click(findTestObject("Page_Login/input_user_login-button")): Object: 'Object Repository/Page_Login/input_user_login-button' is clicked on

2022-10-04 18:44:47 - [MESSAGE][PASSED] - Object: 'Object Repository/Page_Login/input_user_login-button' is clicked on

2022-10-04 18:44:47 - [MESSAGE][PASSED] - Call Test Case 'Test Cases/Pages/User Login/Click Login' successfully

2022-10-04 18:44:47 - [TEST_STEP][PASSED] - Start listener action : afterTestCase: Browser is closed

2022-10-04 18:44:47 - [TEST_STEP][PASSED] - logInfo("Test Case: " + testCaseContext.getTestCaseId()): Test Case: Test Cases/Steps Definition/Feature Login/LG002 User Login With Valid Credential

2022-10-04 18:44:47 - [MESSAGE][INFO] - Test Case: Test Cases/Steps Definition/Feature Login/LG002 User Login With Valid Credential

2022-10-04 18:44:47 - [TEST_STEP][PASSED] - closeBrowser(): null

2022-10-04 18:44:47 - [TEST_STEP][PASSED] - closeBrowser(): Browser is closed

2022-10-04 18:44:48 - [MESSAGE][PASSED] - Browser is closed]]></system-out>
         <system-err><![CDATA[]]></system-err>
      </testcase>
      <system-out><![CDATA[2022-10-04 18:44:36 - [TEST_SUITE][PASSED] - Login: Test Cases/Steps Definition/Feature Login/LG002 User Login With Valid Credential]]></system-out>
      <system-err><![CDATA[]]></system-err>
   </testsuite>
</testsuites>
